{"/Users/zekunzhang/habit-tracker/server/app.js": {"path":"/Users/zekunzhang/habit-tracker/server/app.js","statementMap":{"0":{"start":{"line":1,"column":16},"end":{"line":1,"column":34}},"1":{"start":{"line":2,"column":13},"end":{"line":2,"column":28}},"2":{"start":{"line":3,"column":11},"end":{"line":3,"column":33}},"3":{"start":{"line":4,"column":13},"end":{"line":4,"column":28}},"4":{"start":{"line":7,"column":19},"end":{"line":7,"column":72}},"5":{"start":{"line":9,"column":14},"end":{"line":9,"column":23}},"6":{"start":{"line":10,"column":2},"end":{"line":10,"column":17}},"7":{"start":{"line":11,"column":2},"end":{"line":11,"column":25}},"8":{"start":{"line":14,"column":13},"end":{"line":14,"column":30}},"9":{"start":{"line":16,"column":17},"end":{"line":16,"column":34}},"10":{"start":{"line":17,"column":4},"end":{"line":17,"column":31}},"11":{"start":{"line":18,"column":4},"end":{"line":18,"column":15}},"12":{"start":{"line":22,"column":4},"end":{"line":27,"column":5}},"13":{"start":{"line":23,"column":18},"end":{"line":23,"column":54}},"14":{"start":{"line":24,"column":6},"end":{"line":24,"column":28}},"15":{"start":{"line":26,"column":6},"end":{"line":26,"column":37}},"16":{"start":{"line":31,"column":4},"end":{"line":31,"column":72}},"17":{"start":{"line":35,"column":20},"end":{"line":35,"column":39}},"18":{"start":{"line":36,"column":18},"end":{"line":36,"column":39}},"19":{"start":{"line":39,"column":4},"end":{"line":41,"column":5}},"20":{"start":{"line":40,"column":6},"end":{"line":40,"column":31}},"21":{"start":{"line":42,"column":4},"end":{"line":42,"column":72}},"22":{"start":{"line":42,"column":32},"end":{"line":42,"column":72}},"23":{"start":{"line":43,"column":4},"end":{"line":45,"column":5}},"24":{"start":{"line":44,"column":6},"end":{"line":44,"column":52}},"25":{"start":{"line":46,"column":4},"end":{"line":48,"column":5}},"26":{"start":{"line":47,"column":6},"end":{"line":47,"column":61}},"27":{"start":{"line":49,"column":4},"end":{"line":49,"column":15}},"28":{"start":{"line":52,"column":2},"end":{"line":55,"column":4}},"29":{"start":{"line":53,"column":17},"end":{"line":53,"column":33}},"30":{"start":{"line":54,"column":4},"end":{"line":54,"column":18}},"31":{"start":{"line":57,"column":2},"end":{"line":76,"column":4}},"32":{"start":{"line":58,"column":18},"end":{"line":58,"column":41}},"33":{"start":{"line":59,"column":4},"end":{"line":59,"column":53}},"34":{"start":{"line":59,"column":15},"end":{"line":59,"column":53}},"35":{"start":{"line":61,"column":18},"end":{"line":68,"column":5}},"36":{"start":{"line":70,"column":4},"end":{"line":74,"column":6}},"37":{"start":{"line":71,"column":19},"end":{"line":71,"column":35}},"38":{"start":{"line":72,"column":6},"end":{"line":72,"column":43}},"39":{"start":{"line":73,"column":6},"end":{"line":73,"column":27}},"40":{"start":{"line":75,"column":4},"end":{"line":75,"column":31}},"41":{"start":{"line":78,"column":2},"end":{"line":98,"column":4}},"42":{"start":{"line":79,"column":30},"end":{"line":79,"column":38}},"43":{"start":{"line":80,"column":4},"end":{"line":82,"column":5}},"44":{"start":{"line":81,"column":6},"end":{"line":81,"column":67}},"45":{"start":{"line":83,"column":4},"end":{"line":85,"column":5}},"46":{"start":{"line":84,"column":6},"end":{"line":84,"column":71}},"47":{"start":{"line":88,"column":4},"end":{"line":96,"column":6}},"48":{"start":{"line":89,"column":19},"end":{"line":89,"column":35}},"49":{"start":{"line":90,"column":23},"end":{"line":90,"column":47}},"50":{"start":{"line":91,"column":6},"end":{"line":93,"column":29}},"51":{"start":{"line":92,"column":33},"end":{"line":92,"column":43}},"52":{"start":{"line":94,"column":6},"end":{"line":94,"column":34}},"53":{"start":{"line":95,"column":6},"end":{"line":95,"column":27}},"54":{"start":{"line":97,"column":4},"end":{"line":97,"column":41}},"55":{"start":{"line":100,"column":2},"end":{"line":110,"column":4}},"56":{"start":{"line":101,"column":19},"end":{"line":101,"column":29}},"57":{"start":{"line":102,"column":4},"end":{"line":108,"column":6}},"58":{"start":{"line":103,"column":19},"end":{"line":103,"column":35}},"59":{"start":{"line":104,"column":6},"end":{"line":106,"column":7}},"60":{"start":{"line":105,"column":8},"end":{"line":105,"column":50}},"61":{"start":{"line":107,"column":6},"end":{"line":107,"column":27}},"62":{"start":{"line":109,"column":4},"end":{"line":109,"column":20}},"63":{"start":{"line":112,"column":2},"end":{"line":122,"column":4}},"64":{"start":{"line":113,"column":19},"end":{"line":113,"column":29}},"65":{"start":{"line":114,"column":4},"end":{"line":120,"column":6}},"66":{"start":{"line":115,"column":19},"end":{"line":115,"column":35}},"67":{"start":{"line":116,"column":6},"end":{"line":116,"column":58}},"68":{"start":{"line":116,"column":46},"end":{"line":116,"column":57}},"69":{"start":{"line":117,"column":46},"end":{"line":117,"column":55}},"70":{"start":{"line":118,"column":6},"end":{"line":118,"column":26}},"71":{"start":{"line":119,"column":6},"end":{"line":119,"column":27}},"72":{"start":{"line":121,"column":4},"end":{"line":121,"column":25}},"73":{"start":{"line":124,"column":2},"end":{"line":124,"column":12}},"74":{"start":{"line":127,"column":0},"end":{"line":127,"column":30}}},"fnMap":{"0":{"name":"createApp","decl":{"start":{"line":6,"column":9},"end":{"line":6,"column":18}},"loc":{"start":{"line":6,"column":33},"end":{"line":125,"column":1}},"line":6},"1":{"name":"withLock","decl":{"start":{"line":15,"column":11},"end":{"line":15,"column":19}},"loc":{"start":{"line":15,"column":24},"end":{"line":19,"column":3}},"line":15},"2":{"name":"(anonymous_2)","decl":{"start":{"line":17,"column":22},"end":{"line":17,"column":23}},"loc":{"start":{"line":17,"column":28},"end":{"line":17,"column":30}},"line":17},"3":{"name":"readData","decl":{"start":{"line":21,"column":17},"end":{"line":21,"column":25}},"loc":{"start":{"line":21,"column":28},"end":{"line":28,"column":3}},"line":21},"4":{"name":"writeData","decl":{"start":{"line":30,"column":17},"end":{"line":30,"column":26}},"loc":{"start":{"line":30,"column":33},"end":{"line":32,"column":3}},"line":30},"5":{"name":"validateHabit","decl":{"start":{"line":38,"column":11},"end":{"line":38,"column":24}},"loc":{"start":{"line":38,"column":31},"end":{"line":50,"column":3}},"line":38},"6":{"name":"(anonymous_6)","decl":{"start":{"line":52,"column":25},"end":{"line":52,"column":26}},"loc":{"start":{"line":52,"column":46},"end":{"line":55,"column":3}},"line":52},"7":{"name":"(anonymous_7)","decl":{"start":{"line":57,"column":26},"end":{"line":57,"column":27}},"loc":{"start":{"line":57,"column":46},"end":{"line":76,"column":3}},"line":57},"8":{"name":"(anonymous_8)","decl":{"start":{"line":70,"column":19},"end":{"line":70,"column":20}},"loc":{"start":{"line":70,"column":31},"end":{"line":74,"column":5}},"line":70},"9":{"name":"(anonymous_9)","decl":{"start":{"line":78,"column":31},"end":{"line":78,"column":32}},"loc":{"start":{"line":78,"column":51},"end":{"line":98,"column":3}},"line":78},"10":{"name":"(anonymous_10)","decl":{"start":{"line":88,"column":19},"end":{"line":88,"column":20}},"loc":{"start":{"line":88,"column":31},"end":{"line":96,"column":5}},"line":88},"11":{"name":"(anonymous_11)","decl":{"start":{"line":92,"column":26},"end":{"line":92,"column":27}},"loc":{"start":{"line":92,"column":33},"end":{"line":92,"column":43}},"line":92},"12":{"name":"(anonymous_12)","decl":{"start":{"line":100,"column":38},"end":{"line":100,"column":39}},"loc":{"start":{"line":100,"column":58},"end":{"line":110,"column":3}},"line":100},"13":{"name":"(anonymous_13)","decl":{"start":{"line":102,"column":19},"end":{"line":102,"column":20}},"loc":{"start":{"line":102,"column":31},"end":{"line":108,"column":5}},"line":102},"14":{"name":"(anonymous_14)","decl":{"start":{"line":104,"column":36},"end":{"line":104,"column":37}},"loc":{"start":{"line":105,"column":8},"end":{"line":105,"column":50}},"line":105},"15":{"name":"(anonymous_15)","decl":{"start":{"line":112,"column":32},"end":{"line":112,"column":33}},"loc":{"start":{"line":112,"column":52},"end":{"line":122,"column":3}},"line":112},"16":{"name":"(anonymous_16)","decl":{"start":{"line":114,"column":19},"end":{"line":114,"column":20}},"loc":{"start":{"line":114,"column":31},"end":{"line":120,"column":5}},"line":114},"17":{"name":"(anonymous_17)","decl":{"start":{"line":116,"column":39},"end":{"line":116,"column":40}},"loc":{"start":{"line":116,"column":46},"end":{"line":116,"column":57}},"line":116}},"branchMap":{"0":{"loc":{"start":{"line":6,"column":19},"end":{"line":6,"column":31}},"type":"default-arg","locations":[{"start":{"line":6,"column":29},"end":{"line":6,"column":31}}],"line":6},"1":{"loc":{"start":{"line":7,"column":19},"end":{"line":7,"column":72}},"type":"binary-expr","locations":[{"start":{"line":7,"column":19},"end":{"line":7,"column":35}},{"start":{"line":7,"column":39},"end":{"line":7,"column":72}}],"line":7},"2":{"loc":{"start":{"line":39,"column":4},"end":{"line":41,"column":5}},"type":"if","locations":[{"start":{"line":39,"column":4},"end":{"line":41,"column":5}},{"start":{},"end":{}}],"line":39},"3":{"loc":{"start":{"line":39,"column":8},"end":{"line":39,"column":72}},"type":"binary-expr","locations":[{"start":{"line":39,"column":8},"end":{"line":39,"column":18}},{"start":{"line":39,"column":22},"end":{"line":39,"column":51}},{"start":{"line":39,"column":55},"end":{"line":39,"column":72}}],"line":39},"4":{"loc":{"start":{"line":42,"column":4},"end":{"line":42,"column":72}},"type":"if","locations":[{"start":{"line":42,"column":4},"end":{"line":42,"column":72}},{"start":{},"end":{}}],"line":42},"5":{"loc":{"start":{"line":43,"column":4},"end":{"line":45,"column":5}},"type":"if","locations":[{"start":{"line":43,"column":4},"end":{"line":45,"column":5}},{"start":{},"end":{}}],"line":43},"6":{"loc":{"start":{"line":46,"column":4},"end":{"line":48,"column":5}},"type":"if","locations":[{"start":{"line":46,"column":4},"end":{"line":48,"column":5}},{"start":{},"end":{}}],"line":46},"7":{"loc":{"start":{"line":46,"column":8},"end":{"line":46,"column":49}},"type":"binary-expr","locations":[{"start":{"line":46,"column":8},"end":{"line":46,"column":18}},{"start":{"line":46,"column":22},"end":{"line":46,"column":49}}],"line":46},"8":{"loc":{"start":{"line":59,"column":4},"end":{"line":59,"column":53}},"type":"if","locations":[{"start":{"line":59,"column":4},"end":{"line":59,"column":53}},{"start":{},"end":{}}],"line":59},"9":{"loc":{"start":{"line":65,"column":13},"end":{"line":65,"column":40}},"type":"binary-expr","locations":[{"start":{"line":65,"column":13},"end":{"line":65,"column":27}},{"start":{"line":65,"column":31},"end":{"line":65,"column":40}}],"line":65},"10":{"loc":{"start":{"line":66,"column":17},"end":{"line":66,"column":63}},"type":"binary-expr","locations":[{"start":{"line":66,"column":17},"end":{"line":66,"column":35}},{"start":{"line":66,"column":39},"end":{"line":66,"column":63}}],"line":66},"11":{"loc":{"start":{"line":80,"column":4},"end":{"line":82,"column":5}},"type":"if","locations":[{"start":{"line":80,"column":4},"end":{"line":82,"column":5}},{"start":{},"end":{}}],"line":80},"12":{"loc":{"start":{"line":80,"column":8},"end":{"line":80,"column":47}},"type":"binary-expr","locations":[{"start":{"line":80,"column":8},"end":{"line":80,"column":16}},{"start":{"line":80,"column":20},"end":{"line":80,"column":47}}],"line":80},"13":{"loc":{"start":{"line":83,"column":4},"end":{"line":85,"column":5}},"type":"if","locations":[{"start":{"line":83,"column":4},"end":{"line":85,"column":5}},{"start":{},"end":{}}],"line":83},"14":{"loc":{"start":{"line":83,"column":8},"end":{"line":83,"column":36}},"type":"binary-expr","locations":[{"start":{"line":83,"column":8},"end":{"line":83,"column":13}},{"start":{"line":83,"column":17},"end":{"line":83,"column":36}}],"line":83},"15":{"loc":{"start":{"line":90,"column":23},"end":{"line":90,"column":47}},"type":"binary-expr","locations":[{"start":{"line":90,"column":23},"end":{"line":90,"column":41}},{"start":{"line":90,"column":45},"end":{"line":90,"column":47}}],"line":90},"16":{"loc":{"start":{"line":91,"column":16},"end":{"line":93,"column":29}},"type":"cond-expr","locations":[{"start":{"line":92,"column":10},"end":{"line":92,"column":44}},{"start":{"line":93,"column":10},"end":{"line":93,"column":29}}],"line":91},"17":{"loc":{"start":{"line":105,"column":8},"end":{"line":105,"column":50}},"type":"cond-expr","locations":[{"start":{"line":105,"column":22},"end":{"line":105,"column":46}},{"start":{"line":105,"column":49},"end":{"line":105,"column":50}}],"line":105}},"s":{"0":1,"1":1,"2":1,"3":1,"4":18,"5":18,"6":18,"7":18,"8":18,"9":10,"10":10,"11":10,"12":14,"13":14,"14":13,"15":2,"16":10,"17":18,"18":18,"19":8,"20":2,"21":6,"22":1,"23":5,"24":1,"25":4,"26":1,"27":3,"28":18,"29":4,"30":4,"31":18,"32":8,"33":8,"34":5,"35":3,"36":3,"37":3,"38":3,"39":3,"40":3,"41":18,"42":6,"43":6,"44":1,"45":5,"46":2,"47":3,"48":3,"49":3,"50":3,"51":1,"52":3,"53":3,"54":3,"55":18,"56":2,"57":2,"58":2,"59":2,"60":1,"61":2,"62":2,"63":18,"64":2,"65":2,"66":2,"67":2,"68":1,"69":2,"70":2,"71":2,"72":2,"73":18,"74":1},"f":{"0":18,"1":10,"2":0,"3":14,"4":10,"5":8,"6":4,"7":8,"8":3,"9":6,"10":3,"11":1,"12":2,"13":2,"14":1,"15":2,"16":2,"17":1},"b":{"0":[0],"1":[18,0],"2":[2,6],"3":[8,7,7],"4":[1,5],"5":[1,4],"6":[1,3],"7":[4,4],"8":[5,3],"9":[3,0],"10":[3,0],"11":[1,5],"12":[6,5],"13":[2,3],"14":[5,4],"15":[3,2],"16":[1,2],"17":[1,0]},"_coverageSchema":"1a1c01bbd47fc00a2c39e90264f33305004495a9","hash":"6cc597257cd343840c2b1652c546ab9d736b9233"}
}
