TN:
SF:app.js
FN:6,createApp
FN:15,withLock
FN:17,(anonymous_2)
FN:21,readData
FN:30,writeData
FN:38,validateHabit
FN:52,(anonymous_6)
FN:57,(anonymous_7)
FN:70,(anonymous_8)
FN:78,(anonymous_9)
FN:88,(anonymous_10)
FN:92,(anonymous_11)
FN:100,(anonymous_12)
FN:102,(anonymous_13)
FN:104,(anonymous_14)
FN:112,(anonymous_15)
FN:114,(anonymous_16)
FN:116,(anonymous_17)
FNF:18
FNH:17
FNDA:18,createApp
FNDA:10,withLock
FNDA:0,(anonymous_2)
FNDA:14,readData
FNDA:10,writeData
FNDA:8,validateHabit
FNDA:4,(anonymous_6)
FNDA:8,(anonymous_7)
FNDA:3,(anonymous_8)
FNDA:6,(anonymous_9)
FNDA:3,(anonymous_10)
FNDA:1,(anonymous_11)
FNDA:2,(anonymous_12)
FNDA:2,(anonymous_13)
FNDA:1,(anonymous_14)
FNDA:2,(anonymous_15)
FNDA:2,(anonymous_16)
FNDA:1,(anonymous_17)
DA:1,1
DA:2,1
DA:3,1
DA:4,1
DA:7,18
DA:9,18
DA:10,18
DA:11,18
DA:14,18
DA:16,10
DA:17,10
DA:18,10
DA:22,14
DA:23,14
DA:24,13
DA:26,2
DA:31,10
DA:35,18
DA:36,18
DA:39,8
DA:40,2
DA:42,6
DA:43,5
DA:44,1
DA:46,4
DA:47,1
DA:49,3
DA:52,18
DA:53,4
DA:54,4
DA:57,18
DA:58,8
DA:59,8
DA:61,3
DA:70,3
DA:71,3
DA:72,3
DA:73,3
DA:75,3
DA:78,18
DA:79,6
DA:80,6
DA:81,1
DA:83,5
DA:84,2
DA:88,3
DA:89,3
DA:90,3
DA:91,3
DA:92,1
DA:94,3
DA:95,3
DA:97,3
DA:100,18
DA:101,2
DA:102,2
DA:103,2
DA:104,2
DA:105,1
DA:107,2
DA:109,2
DA:112,18
DA:113,2
DA:114,2
DA:115,2
DA:116,2
DA:117,2
DA:118,2
DA:119,2
DA:121,2
DA:124,18
DA:127,1
LF:72
LH:72
BRDA:6,0,0,0
BRDA:7,1,0,18
BRDA:7,1,1,0
BRDA:39,2,0,2
BRDA:39,2,1,6
BRDA:39,3,0,8
BRDA:39,3,1,7
BRDA:39,3,2,7
BRDA:42,4,0,1
BRDA:42,4,1,5
BRDA:43,5,0,1
BRDA:43,5,1,4
BRDA:46,6,0,1
BRDA:46,6,1,3
BRDA:46,7,0,4
BRDA:46,7,1,4
BRDA:59,8,0,5
BRDA:59,8,1,3
BRDA:65,9,0,3
BRDA:65,9,1,0
BRDA:66,10,0,3
BRDA:66,10,1,0
BRDA:80,11,0,1
BRDA:80,11,1,5
BRDA:80,12,0,6
BRDA:80,12,1,5
BRDA:83,13,0,2
BRDA:83,13,1,3
BRDA:83,14,0,5
BRDA:83,14,1,4
BRDA:90,15,0,3
BRDA:90,15,1,2
BRDA:91,16,0,1
BRDA:91,16,1,2
BRDA:105,17,0,1
BRDA:105,17,1,0
BRF:36
BRH:31
end_of_record
